2025-12-15 22:05:53 INFO  org.testng.log4testng.Logger - [Utils] MethodGroupsHelper.collectMethodsByGroup() took 1 ms.
2025-12-15 22:05:53 INFO  org.testng.log4testng.Logger - [Utils] MethodGroupsHelper.sortMethods() took 1 ms.
2025-12-15 22:05:53 INFO  org.testng.log4testng.Logger - [Utils] MethodGroupsHelper.collectMethodsByGroup() took 0 ms.
2025-12-15 22:05:53 INFO  org.testng.log4testng.Logger - [Utils] MethodGroupsHelper.sortMethods() took 0 ms.
2025-12-15 22:05:53 INFO  org.testng.log4testng.Logger - [Utils] MethodGroupsHelper.collectMethodsByGroup() took 0 ms.
2025-12-15 22:05:53 INFO  org.testng.log4testng.Logger - [Utils] MethodGroupsHelper.sortMethods() took 0 ms.
2025-12-15 22:05:53 INFO  org.testng.log4testng.Logger - [Utils] MethodGroupsHelper.collectMethodsByGroup() took 0 ms.
2025-12-15 22:05:53 INFO  org.testng.log4testng.Logger - [Utils] MethodGroupsHelper.sortMethods() took 0 ms.
2025-12-15 22:05:53 INFO  org.testng.log4testng.Logger - [Utils] MethodGroupsHelper.collectMethodsByGroup() took 11 ms.
2025-12-15 22:05:53 INFO  org.testng.log4testng.Logger - [Utils] MethodGroupsHelper.sortMethods() took 20 ms.
2025-12-15 22:05:53 INFO  org.testng.log4testng.Logger - [Utils] MethodGroupsHelper.collectMethodsByGroup() took 0 ms.
2025-12-15 22:05:53 INFO  org.testng.log4testng.Logger - [Utils] MethodGroupsHelper.sortMethods() took 0 ms.
2025-12-15 22:05:53 INFO  org.testng.log4testng.Logger - [Utils] MethodGroupsHelper.collectMethodsByGroup() took 0 ms.
2025-12-15 22:05:53 INFO  org.testng.log4testng.Logger - [Utils] MethodGroupsHelper.sortMethods() took 0 ms.
2025-12-15 22:05:53 INFO  org.testng.log4testng.Logger - [Utils] MethodGroupsHelper.collectMethodsByGroup() took 0 ms.
2025-12-15 22:05:53 INFO  org.testng.log4testng.Logger - [Utils] MethodGroupsHelper.sortMethods() took 0 ms.
2025-12-15 22:05:53 INFO  org.testng.log4testng.Logger - [Utils] MethodGroupsHelper.collectMethodsByGroup() took 0 ms.
2025-12-15 22:05:53 INFO  org.testng.log4testng.Logger - [Utils] MethodGroupsHelper.sortMethods() took 0 ms.
2025-12-15 22:05:53 INFO  org.testng.log4testng.Logger - [Utils] MethodGroupsHelper.collectMethodsByGroup() took 0 ms.
2025-12-15 22:05:53 INFO  org.testng.log4testng.Logger - [Utils] MethodGroupsHelper.sortMethods() took 0 ms.
2025-12-15 22:05:53 INFO  org.testng.log4testng.Logger - [Utils] MethodGroupsHelper.collectMethodsByGroup() took 0 ms.
2025-12-15 22:05:53 INFO  org.testng.log4testng.Logger - [Utils] MethodGroupsHelper.sortMethods() took 0 ms.
2025-12-15 22:05:53 INFO  org.testng.log4testng.Logger - [Utils] MethodGroupsHelper.collectMethodsByGroup() took 0 ms.
2025-12-15 22:05:53 INFO  org.testng.log4testng.Logger - [Utils] MethodGroupsHelper.sortMethods() took 0 ms.
2025-12-15 22:05:53 INFO  org.testng.log4testng.Logger - [Utils] MethodGroupsHelper.collectMethodsByGroup() took 3 ms.
2025-12-15 22:05:53 INFO  org.testng.log4testng.Logger - [Utils] MethodGroupsHelper.sortMethods() took 0 ms.
2025-12-15 22:05:53 INFO  org.testng.log4testng.Logger - [Utils] MethodGroupsHelper.collectMethodsByGroup() took 0 ms.
2025-12-15 22:05:53 INFO  org.testng.log4testng.Logger - [Utils] MethodGroupsHelper.sortMethods() took 0 ms.
2025-12-15 22:05:53 INFO  org.testng.log4testng.Logger - [Utils] MethodGroupsHelper.collectMethodsByGroup() took 0 ms.
2025-12-15 22:05:53 INFO  org.testng.log4testng.Logger - [Utils] MethodGroupsHelper.sortMethods() took 0 ms.
2025-12-15 22:05:53 INFO  org.testng.log4testng.Logger - [TestNG] Running:
  C:\Users\Swapnilb\AppData\Local\Temp\testng-eclipse-1622351107\testng-customsuite.xml

2025-12-15 22:05:53 INFO  org.testng.log4testng.Logger - [Utils] DynamicGraphHelper.createDynamicGraph() took 5 ms.
2025-12-15 22:05:53 ERROR org.testng.log4testng.Logger - [Error] java.io.FileNotFoundException: .\testData\opencart.xlsx (The system cannot find the file specified)
	at java.base/java.io.FileInputStream.open0(Native Method)
	at java.base/java.io.FileInputStream.open(FileInputStream.java:213)
	at java.base/java.io.FileInputStream.&lt;init&gt;(FileInputStream.java:152)
	at java.base/java.io.FileInputStream.&lt;init&gt;(FileInputStream.java:106)
	at utilities.ExcelUtilities.getRowCount(ExcelUtilities.java:34)
	at utilities.DataProviders.getData(DataProviders.java:17)
	at java.base/jdk.internal.reflect.DirectMethodHandleAccessor.invoke(DirectMethodHandleAccessor.java:103)
	at java.base/java.lang.reflect.Method.invoke(Method.java:580)
	at org.testng.internal.invokers.MethodInvocationHelper.invokeMethod(MethodInvocationHelper.java:141)
	at org.testng.internal.invokers.MethodInvocationHelper.invokeMethod(MethodInvocationHelper.java:86)
	at org.testng.internal.invokers.MethodInvocationHelper.invokeMethodNoCheckedException(MethodInvocationHelper.java:54)
	at org.testng.internal.invokers.MethodInvocationHelper.invokeDataProvider(MethodInvocationHelper.java:159)
	at org.testng.internal.Parameters.handleParameters(Parameters.java:809)
	at org.testng.internal.Parameters.handleParameters(Parameters.java:734)
	at org.testng.internal.invokers.ParameterHandler.handleParameters(ParameterHandler.java:72)
	at org.testng.internal.invokers.ParameterHandler.createParameters(ParameterHandler.java:51)
	at org.testng.internal.invokers.TestInvoker$MethodInvocationAgent.invoke(TestInvoker.java:949)
	at org.testng.internal.invokers.TestInvoker.invokeTestMethods(TestInvoker.java:203)
	at org.testng.internal.invokers.TestMethodWorker.invokeTestMethods(TestMethodWorker.java:154)
	at org.testng.internal.invokers.TestMethodWorker.run(TestMethodWorker.java:134)
	at java.base/java.util.ArrayList.forEach(ArrayList.java:1596)
	at org.testng.TestRunner.privateRun(TestRunner.java:741)
	at org.testng.TestRunner.run(TestRunner.java:616)
	at org.testng.SuiteRunner.runTest(SuiteRunner.java:421)
	at org.testng.SuiteRunner.runSequentially(SuiteRunner.java:413)
	at org.testng.SuiteRunner.privateRun(SuiteRunner.java:373)
	at org.testng.SuiteRunner.run(SuiteRunner.java:312)
	at org.testng.SuiteRunnerWorker.runSuite(SuiteRunnerWorker.java:52)
	at org.testng.SuiteRunnerWorker.run(SuiteRunnerWorker.java:95)
	at org.testng.TestNG.runSuitesSequentially(TestNG.java:1274)
	at org.testng.TestNG.runSuitesLocally(TestNG.java:1208)
	at org.testng.TestNG.runSuites(TestNG.java:1112)
	at org.testng.TestNG.run(TestNG.java:1079)
	at org.testng.remote.AbstractRemoteTestNG.run(AbstractRemoteTestNG.java:115)
	at org.testng.remote.RemoteTestNG.initAndRun(RemoteTestNG.java:293)
	at org.testng.remote.RemoteTestNG.main(RemoteTestNG.java:91)

2025-12-15 22:05:53 INFO  org.testng.log4testng.Logger - [TestNG] Time taken by org.testng.reporters.jq.Main@3efe7086: 78 ms
2025-12-15 22:05:53 INFO  org.testng.log4testng.Logger - [TestNG] Time taken by org.testng.reporters.FailedReporter@305f031: 12 ms
2025-12-15 22:05:53 INFO  org.testng.log4testng.Logger - [TestNG] Time taken by org.testng.reporters.XMLReporter@36b0fcd5: 10 ms
2025-12-15 22:05:53 INFO  org.testng.log4testng.Logger - [TestNG] Time taken by org.testng.reporters.EmailableReporter2@5b970f7: 8 ms
2025-12-15 22:05:53 INFO  org.testng.log4testng.Logger - [TestNG] Time taken by org.testng.reporters.JUnitReportReporter@751d3241: 7 ms
2025-12-15 22:05:53 INFO  org.testng.log4testng.Logger - [TestNG] Time taken by org.testng.internal.ExitCodeListener@76c7beb3: 0 ms
2025-12-15 22:06:08 INFO  org.testng.log4testng.Logger - [TestNG] Running:
  D:\SeleniumJavsWorkSpace\OpenCartV121\Master.xml

2025-12-15 22:10:56 INFO  org.testng.log4testng.Logger - [TestNG] Running:
  D:\SeleniumJavsWorkSpace\OpenCartV121\Master.xml

2025-12-15 22:48:29 INFO  org.testng.log4testng.Logger - [TestNG] Running:
  D:\SeleniumJavsWorkSpace\OpenCartV121\Master.xml

2025-12-15 22:51:08 INFO  org.testng.log4testng.Logger - [TestNG] Running:
  D:\SeleniumJavsWorkSpace\OpenCartV121\Master.xml

2025-12-15 22:52:13 INFO  org.testng.log4testng.Logger - [TestNG] Running:
  D:\SeleniumJavsWorkSpace\OpenCartV121\Master.xml

2025-12-15 22:52:20 INFO  testCases.TC002_LoginTest - *****Starting of TC002_LoginTest******
2025-12-15 22:53:38 INFO  org.testng.log4testng.Logger - [TestNG] Running:
  D:\SeleniumJavsWorkSpace\OpenCartV121\Master.xml

