2026-01-09 14:15:34 INFO  org.testng.log4testng.Logger - [TestNG] Running:
  D:\SeleniumJavsWorkSpace\OpenCartV121\Grouping.xml

2026-01-09 14:15:55 INFO  org.testng.log4testng.Logger - [TestNG] Running:
  D:\SeleniumJavsWorkSpace\OpenCartV121\Grouping.xml

2026-01-09 14:16:57 INFO  org.testng.log4testng.Logger - [TestNG] Running:
  D:\SeleniumJavsWorkSpace\OpenCartV121\Grouping.xml

2026-01-09 14:17:47 INFO  org.testng.log4testng.Logger - [TestNG] Running:
  D:\SeleniumJavsWorkSpace\OpenCartV121\Master.xml

2026-01-09 14:18:00 INFO  testCases.TC003_LoginDDT - ******** Test TC003_LoginDDT Started ********
2026-01-09 14:18:02 INFO  testCases.TC003_LoginDDT - ******** Test TC003_LoginDDT Finished ********
2026-01-09 14:18:02 INFO  testCases.TC003_LoginDDT - ******** Test TC003_LoginDDT Started ********
2026-01-09 14:18:14 INFO  testCases.TC003_LoginDDT - ******** Test TC003_LoginDDT Started ********
2026-01-09 14:18:16 INFO  testCases.TC003_LoginDDT - ******** Test TC003_LoginDDT Started ********
2026-01-09 14:22:23 INFO  org.testng.log4testng.Logger - [TestNG] Running:
  D:\SeleniumJavsWorkSpace\OpenCartV121\Grouping.xml

2026-01-09 14:24:02 INFO  org.testng.log4testng.Logger - [TestNG] Running:
  D:\SeleniumJavsWorkSpace\OpenCartV121\Grouping.xml

2026-01-09 14:26:25 INFO  org.testng.log4testng.Logger - [TestNG] Running:
  D:\SeleniumJavsWorkSpace\OpenCartV121\Grouping.xml

2026-01-09 14:26:31 INFO  testCases.TC_AccountRegistrationTest - *** Starting TC_AccountRegistrationTest
2026-01-09 14:26:31 INFO  testCases.TC_AccountRegistrationTest - **Clicked on Myaccount link**
2026-01-09 14:26:32 INFO  testCases.TC_AccountRegistrationTest - **Clicked on Registration**
2026-01-09 14:26:37 INFO  testCases.TC002_LoginTest - *****Starting of TC002_LoginTest******
2026-01-09 14:27:52 INFO  org.testng.log4testng.Logger - [TestNG] Running:
  D:\SeleniumJavsWorkSpace\OpenCartV121\Grouping.xml

2026-01-09 14:27:57 INFO  testCases.TC_AccountRegistrationTest - *** Starting TC_AccountRegistrationTest
2026-01-09 14:27:57 INFO  testCases.TC_AccountRegistrationTest - **Clicked on Myaccount link**
2026-01-09 14:27:58 INFO  testCases.TC_AccountRegistrationTest - **Clicked on Registration**
2026-01-09 14:28:04 INFO  testCases.TC002_LoginTest - *****Starting of TC002_LoginTest******
2026-01-09 14:29:04 INFO  org.testng.log4testng.Logger - [TestNG] Running:
  D:\SeleniumJavsWorkSpace\OpenCartV121\Grouping.xml

2026-01-09 14:29:10 INFO  testCases.TC002_LoginTest - *****Starting of TC002_LoginTest******
2026-01-09 14:30:33 INFO  org.testng.log4testng.Logger - [TestNG] Running:
  D:\SeleniumJavsWorkSpace\OpenCartV121\Grouping.xml

2026-01-09 14:30:39 INFO  testCases.TC_AccountRegistrationTest - *** Starting TC_AccountRegistrationTest
2026-01-09 14:30:39 INFO  testCases.TC_AccountRegistrationTest - **Clicked on Myaccount link**
2026-01-09 14:30:40 INFO  testCases.TC_AccountRegistrationTest - **Clicked on Registration**
2026-01-09 14:32:42 INFO  org.testng.log4testng.Logger - [TestNG] Running:
  D:\SeleniumJavsWorkSpace\OpenCartV121\Grouping.xml

2026-01-09 14:32:48 INFO  testCases.TC_AccountRegistrationTest - *** Starting TC_AccountRegistrationTest
2026-01-09 14:32:48 INFO  testCases.TC_AccountRegistrationTest - **Clicked on Myaccount link**
2026-01-09 14:32:49 INFO  testCases.TC_AccountRegistrationTest - **Clicked on Registration**
2026-01-09 14:34:42 INFO  org.testng.log4testng.Logger - [TestNG] Running:
  D:\SeleniumJavsWorkSpace\OpenCartV121\Grouping.xml

2026-01-09 14:34:48 INFO  testCases.TC_AccountRegistrationTest - *** Starting TC_AccountRegistrationTest
2026-01-09 14:34:48 INFO  testCases.TC_AccountRegistrationTest - **Clicked on Myaccount link**
2026-01-09 14:34:49 INFO  testCases.TC_AccountRegistrationTest - **Clicked on Registration**
2026-01-09 14:35:17 INFO  org.testng.log4testng.Logger - [TestNG] Running:
  D:\SeleniumJavsWorkSpace\OpenCartV121\Grouping.xml

2026-01-09 14:35:22 INFO  testCases.TC_AccountRegistrationTest - *** Starting TC_AccountRegistrationTest
2026-01-09 14:35:22 INFO  testCases.TC_AccountRegistrationTest - **Clicked on Myaccount link**
2026-01-09 14:35:23 INFO  testCases.TC_AccountRegistrationTest - **Clicked on Registration**
2026-01-09 14:36:39 INFO  org.testng.log4testng.Logger - [TestNG] Running:
  D:\SeleniumJavsWorkSpace\OpenCartV121\Grouping.xml

2026-01-09 14:36:44 INFO  testCases.TC_AccountRegistrationTest - *** Starting TC_AccountRegistrationTest
2026-01-09 14:36:44 INFO  testCases.TC_AccountRegistrationTest - **Clicked on Myaccount link**
2026-01-09 14:36:45 INFO  testCases.TC_AccountRegistrationTest - **Clicked on Registration**
